#
# There is insufficient memory for the Java Runtime Environment to continue.
# Native memory allocation (malloc) failed to allocate 4383696 bytes for Chunk::new
# Possible reasons:
#   The system is out of physical RAM or swap space
#   The process is running with CompressedOops enabled, and the Java Heap may be blocking the growth of the native heap
# Possible solutions:
#   Reduce memory load on the system
#   Increase physical memory or swap space
#   Check if swap backing store is full
#   Decrease Java heap size (-Xmx/-Xms)
#   Decrease number of Java threads
#   Decrease Java thread stack sizes (-Xss)
#   Set larger code cache with -XX:ReservedCodeCacheSize=
#   JVM is running with Zero Based Compressed Oops mode in which the Java heap is
#     placed in the first 32GB address space. The Java Heap base address is the
#     maximum limit for the native heap growth. Please use -XX:HeapBaseMinAddress
#     to set the Java Heap base and to place the Java Heap above 32GB virtual address.
# This output file may be truncated or incomplete.
#
#  Out of Memory Error (allocation.cpp:389), pid=30888, tid=0x000000000000061c
#
# JRE version: Java(TM) SE Runtime Environment (8.0_211-b12) (build 1.8.0_211-b12)
# Java VM: Java HotSpot(TM) 64-Bit Server VM (25.211-b12 mixed mode windows-amd64 compressed oops)
# Failed to write core dump. Minidumps are not enabled by default on client versions of Windows
#

---------------  T H R E A D  ---------------

Current thread (0x000000001e765000):  JavaThread "C2 CompilerThread1" daemon [_thread_in_native, id=1564, stack(0x000000001efc0000,0x000000001f0c0000)]

Stack: [0x000000001efc0000,0x000000001f0c0000]
[error occurred during error reporting (printing stack bounds), id 0xc0000005]

Native frames: (J=compiled Java code, j=interpreted, Vv=VM code, C=native code)


Current CompileTask:
C2:   5883 4402   !   4       java.net.URLClassLoader$1::run (63 bytes)


---------------  P R O C E S S  ---------------

Java Threads: ( => current thread )
  0x0000000029da0000 JavaThread "Abandoned connection cleanup thread" daemon [_thread_blocked, id=29628, stack(0x000000002af10000,0x000000002b010000)]
  0x0000000029d9a800 JavaThread "JMX server connection timeout 26" daemon [_thread_blocked, id=31448, stack(0x000000002ad10000,0x000000002ae10000)]
  0x0000000029d9c000 JavaThread "RMI TCP Connection(3)-10.0.75.1" daemon [_thread_in_native, id=31284, stack(0x000000002ac10000,0x000000002ad10000)]
  0x000000002535d000 JavaThread "JMX server connection timeout 20" daemon [_thread_blocked, id=31520, stack(0x0000000027440000,0x0000000027540000)]
  0x0000000020a1f000 JavaThread "RMI TCP Connection(2)-10.0.75.1" daemon [_thread_in_native, id=27692, stack(0x0000000027340000,0x0000000027440000)]
  0x00000000210da000 JavaThread "JMX server connection timeout 17" daemon [_thread_blocked, id=31604, stack(0x0000000023410000,0x0000000023510000)]
  0x000000002094c800 JavaThread "RMI Scheduler(0)" daemon [_thread_blocked, id=31524, stack(0x0000000023310000,0x0000000023410000)]
  0x00000000221f5000 JavaThread "RMI TCP Connection(1)-10.0.75.1" daemon [_thread_in_native, id=31508, stack(0x0000000023010000,0x0000000023110000)]
  0x0000000020193800 JavaThread "RMI TCP Accept-0" daemon [_thread_in_native, id=31576, stack(0x00000000216a0000,0x00000000217a0000)]
  0x000000001e7fc000 JavaThread "Service Thread" daemon [_thread_blocked, id=31608, stack(0x000000001f1c0000,0x000000001f2c0000)]
  0x000000001e768000 JavaThread "C1 CompilerThread2" daemon [_thread_blocked, id=26396, stack(0x000000001f0c0000,0x000000001f1c0000)]
=>0x000000001e765000 JavaThread "C2 CompilerThread1" daemon [_thread_in_native, id=1564, stack(0x000000001efc0000,0x000000001f0c0000)]
  0x000000001e762800 JavaThread "C2 CompilerThread0" daemon [_thread_in_native, id=29008, stack(0x000000001eec0000,0x000000001efc0000)]
  0x000000001dc86800 JavaThread "JDWP Command Reader" daemon [_thread_in_native, id=26596, stack(0x000000001e5c0000,0x000000001e6c0000)]
  0x000000001dc83000 JavaThread "JDWP Event Helper Thread" daemon [_thread_blocked, id=31736, stack(0x000000001e4c0000,0x000000001e5c0000)]
  0x000000001c015800 JavaThread "JDWP Transport Listener: dt_socket" daemon [_thread_blocked, id=31160, stack(0x000000001e3c0000,0x000000001e4c0000)]
  0x000000001c008000 JavaThread "Attach Listener" daemon [_thread_blocked, id=28260, stack(0x000000001db80000,0x000000001dc80000)]
  0x000000001c007000 JavaThread "Signal Dispatcher" daemon [_thread_blocked, id=4116, stack(0x000000001da80000,0x000000001db80000)]
  0x000000001bff2000 JavaThread "Finalizer" daemon [_thread_blocked, id=28008, stack(0x000000001d890000,0x000000001d990000)]
  0x000000000266b000 JavaThread "Reference Handler" daemon [_thread_blocked, id=28920, stack(0x000000001d790000,0x000000001d890000)]
  0x0000000002577000 JavaThread "main" [_thread_blocked, id=1284, stack(0x0000000002470000,0x0000000002570000)]

Other Threads:
  0x000000001bfc8800 VMThread [stack: 0x000000001d690000,0x000000001d790000] [id=28052]
  0x000000001e84a000 WatcherThread [stack: 0x000000001f2c0000,0x000000001f3c0000] [id=24600]

VM state:not at safepoint (normal execution)

VM Mutex/Monitor currently owned by a thread: None

heap address: 0x00000006c0e00000, size: 4082 MB, Compressed Oops mode: Zero based, Oop shift amount: 3
Narrow klass base: 0x0000000000000000, Narrow klass shift: 3
Compressed class space size: 1073741824 Address: 0x00000007c0000000

Heap:
 PSYoungGen      total 240640K, used 208936K [0x000000076af80000, 0x000000077b100000, 0x00000007c0000000)
  eden space 224256K, 93% used [0x000000076af80000,0x0000000777b8a008,0x0000000778a80000)
  from space 16384K, 0% used [0x0000000779c80000,0x0000000779c80000,0x000000077ac80000)
  to   space 18432K, 0% used [0x0000000778a80000,0x0000000778a80000,0x0000000779c80000)
 ParOldGen       total 166912K, used 24353K [0x00000006c0e00000, 0x00000006cb100000, 0x000000076af80000)
  object space 166912K, 14% used [0x00000006c0e00000,0x00000006c25c8428,0x00000006cb100000)
 Metaspace       used 46601K, capacity 47102K, committed 47360K, reserved 1091584K
  class space    used 5935K, capacity 6084K, committed 6144K, reserved 1048576K

Card table byte_map: [0x0000000011b30000,0x0000000012330000] byte_map_base: 0x000000000e529000

Marking Bits: (ParMarkBitMap*) 0x0000000074b95ce0
 Begin Bits: [0x0000000012e90000, 0x0000000016e58000)
 End Bits:   [0x0000000016e58000, 0x000000001ae20000)

Polling page: 0x00000000001f0000

CodeCache: size=245760Kb used=14282Kb max_used=15786Kb free=231477Kb
 bounds [0x0000000002770000, 0x00000000036f0000, 0x0000000011770000]
 total_blobs=4568 nmethods=4045 adapters=443
 compilation: enabled

Compilation events (10 events):
Event: 5.663 Thread 0x000000001e768000 4519       2       ch.qos.logback.classic.spi.StackTraceElementProxy::<init> (24 bytes)
Event: 5.664 Thread 0x000000001e768000 nmethod 4519 0x0000000002996a50 code [0x0000000002996bc0, 0x0000000002996de8]
Event: 5.664 Thread 0x000000001e768000 4520       2       java.lang.StackTraceElement::equals (80 bytes)
Event: 5.664 Thread 0x000000001e768000 nmethod 4520 0x0000000003132910 code [0x0000000003132aa0, 0x0000000003132e28]
Event: 5.664 Thread 0x000000001e768000 4521       2       ch.qos.logback.classic.spi.StackTraceElementProxy::setClassPackagingData (23 bytes)
Event: 5.664 Thread 0x000000001e768000 nmethod 4521 0x0000000003028210 code [0x0000000003028380, 0x00000000030285a8]
Event: 5.664 Thread 0x000000001e768000 4522       2       ch.qos.logback.classic.spi.StackTraceElementProxy::toString (5 bytes)
Event: 5.664 Thread 0x000000001e768000 nmethod 4522 0x0000000002bec790 code [0x0000000002bec900, 0x0000000002beca88]
Event: 5.664 Thread 0x000000001e768000 4523       2       ch.qos.logback.classic.spi.StackTraceElementProxy::getSTEAsString (38 bytes)
Event: 5.665 Thread 0x000000001e768000 nmethod 4523 0x00000000030365d0 code [0x0000000003036760, 0x0000000003036b18]

GC Heap History (10 events):
Event: 1.962 GC heap before
{Heap before GC invocations=6 (full 1):
 PSYoungGen      total 105472K, used 104993K [0x000000076af80000, 0x0000000773f00000, 0x00000007c0000000)
  eden space 100352K, 100% used [0x000000076af80000,0x0000000771180000,0x0000000771180000)
  from space 5120K, 90% used [0x0000000773a00000,0x0000000773e88540,0x0000000773f00000)
  to   space 10752K, 0% used [0x0000000772a00000,0x0000000772a00000,0x0000000773480000)
 ParOldGen       total 105472K, used 10097K [0x00000006c0e00000, 0x00000006c7500000, 0x000000076af80000)
  object space 105472K, 9% used [0x00000006c0e00000,0x00000006c17dc518,0x00000006c7500000)
 Metaspace       used 25344K, capacity 25750K, committed 26112K, reserved 1073152K
  class space    used 3091K, capacity 3214K, committed 3328K, reserved 1048576K
Event: 1.968 GC heap after
Heap after GC invocations=6 (full 1):
 PSYoungGen      total 136192K, used 6859K [0x000000076af80000, 0x0000000775c00000, 0x00000007c0000000)
  eden space 125440K, 0% used [0x000000076af80000,0x000000076af80000,0x0000000772a00000)
  from space 10752K, 63% used [0x0000000772a00000,0x00000007730b2da0,0x0000000773480000)
  to   space 12288K, 0% used [0x0000000775000000,0x0000000775000000,0x0000000775c00000)
 ParOldGen       total 105472K, used 10105K [0x00000006c0e00000, 0x00000006c7500000, 0x000000076af80000)
  object space 105472K, 9% used [0x00000006c0e00000,0x00000006c17de518,0x00000006c7500000)
 Metaspace       used 25344K, capacity 25750K, committed 26112K, reserved 1073152K
  class space    used 3091K, capacity 3214K, committed 3328K, reserved 1048576K
}
Event: 2.526 GC heap before
{Heap before GC invocations=7 (full 1):
 PSYoungGen      total 136192K, used 132299K [0x000000076af80000, 0x0000000775c00000, 0x00000007c0000000)
  eden space 125440K, 100% used [0x000000076af80000,0x0000000772a00000,0x0000000772a00000)
  from space 10752K, 63% used [0x0000000772a00000,0x00000007730b2da0,0x0000000773480000)
  to   space 12288K, 0% used [0x0000000775000000,0x0000000775000000,0x0000000775c00000)
 ParOldGen       total 105472K, used 10105K [0x00000006c0e00000, 0x00000006c7500000, 0x000000076af80000)
  object space 105472K, 9% used [0x00000006c0e00000,0x00000006c17de518,0x00000006c7500000)
 Metaspace       used 26779K, capacity 27188K, committed 27520K, reserved 1073152K
  class space    used 3293K, capacity 3411K, committed 3456K, reserved 1048576K
Event: 2.540 GC heap after
Heap after GC invocations=7 (full 1):
 PSYoungGen      total 161792K, used 12258K [0x000000076af80000, 0x0000000778880000, 0x00000007c0000000)
  eden space 149504K, 0% used [0x000000076af80000,0x000000076af80000,0x0000000774180000)
  from space 12288K, 99% used [0x0000000775000000,0x0000000775bf8ba0,0x0000000775c00000)
  to   space 14848K, 0% used [0x0000000774180000,0x0000000774180000,0x0000000775000000)
 ParOldGen       total 105472K, used 11008K [0x00000006c0e00000, 0x00000006c7500000, 0x000000076af80000)
  object space 105472K, 10% used [0x00000006c0e00000,0x00000006c18c0160,0x00000006c7500000)
 Metaspace       used 26779K, capacity 27188K, committed 27520K, reserved 1073152K
  class space    used 3293K, capacity 3411K, committed 3456K, reserved 1048576K
}
Event: 3.387 GC heap before
{Heap before GC invocations=8 (full 1):
 PSYoungGen      total 161792K, used 161762K [0x000000076af80000, 0x0000000778880000, 0x00000007c0000000)
  eden space 149504K, 100% used [0x000000076af80000,0x0000000774180000,0x0000000774180000)
  from space 12288K, 99% used [0x0000000775000000,0x0000000775bf8ba0,0x0000000775c00000)
  to   space 14848K, 0% used [0x0000000774180000,0x0000000774180000,0x0000000775000000)
 ParOldGen       total 105472K, used 11008K [0x00000006c0e00000, 0x00000006c7500000, 0x000000076af80000)
  object space 105472K, 10% used [0x00000006c0e00000,0x00000006c18c0160,0x00000006c7500000)
 Metaspace       used 31643K, capacity 32112K, committed 32384K, reserved 1077248K
  class space    used 3962K, capacity 4109K, committed 4224K, reserved 1048576K
Event: 3.399 GC heap after
Heap after GC invocations=8 (full 1):
 PSYoungGen      total 164352K, used 13202K [0x000000076af80000, 0x000000077ac80000, 0x00000007c0000000)
  eden space 149504K, 0% used [0x000000076af80000,0x000000076af80000,0x0000000774180000)
  from space 14848K, 88% used [0x0000000774180000,0x0000000774e64b08,0x0000000775000000)
  to   space 16384K, 0% used [0x0000000779c80000,0x0000000779c80000,0x000000077ac80000)
 ParOldGen       total 105472K, used 11016K [0x00000006c0e00000, 0x00000006c7500000, 0x000000076af80000)
  object space 105472K, 10% used [0x00000006c0e00000,0x00000006c18c2160,0x00000006c7500000)
 Metaspace       used 31643K, capacity 32112K, committed 32384K, reserved 1077248K
  class space    used 3962K, capacity 4109K, committed 4224K, reserved 1048576K
}
Event: 4.082 GC heap before
{Heap before GC invocations=9 (full 1):
 PSYoungGen      total 164352K, used 159544K [0x000000076af80000, 0x000000077ac80000, 0x00000007c0000000)
  eden space 149504K, 97% used [0x000000076af80000,0x0000000773e69738,0x0000000774180000)
  from space 14848K, 88% used [0x0000000774180000,0x0000000774e64b08,0x0000000775000000)
  to   space 16384K, 0% used [0x0000000779c80000,0x0000000779c80000,0x000000077ac80000)
 ParOldGen       total 105472K, used 11016K [0x00000006c0e00000, 0x00000006c7500000, 0x000000076af80000)
  object space 105472K, 10% used [0x00000006c0e00000,0x00000006c18c2160,0x00000006c7500000)
 Metaspace       used 34850K, capacity 35304K, committed 35456K, reserved 1081344K
  class space    used 4326K, capacity 4465K, committed 4480K, reserved 1048576K
Event: 4.096 GC heap after
Heap after GC invocations=9 (full 1):
 PSYoungGen      total 240640K, used 16085K [0x000000076af80000, 0x000000077b100000, 0x00000007c0000000)
  eden space 224256K, 0% used [0x000000076af80000,0x000000076af80000,0x0000000778a80000)
  from space 16384K, 98% used [0x0000000779c80000,0x000000077ac35448,0x000000077ac80000)
  to   space 18432K, 0% used [0x0000000778a80000,0x0000000778a80000,0x0000000779c80000)
 ParOldGen       total 105472K, used 11024K [0x00000006c0e00000, 0x00000006c7500000, 0x000000076af80000)
  object space 105472K, 10% used [0x00000006c0e00000,0x00000006c18c4160,0x00000006c7500000)
 Metaspace       used 34850K, capacity 35304K, committed 35456K, reserved 1081344K
  class space    used 4326K, capacity 4465K, committed 4480K, reserved 1048576K
}
Event: 4.096 GC heap before
{Heap before GC invocations=10 (full 2):
 PSYoungGen      total 240640K, used 16085K [0x000000076af80000, 0x000000077b100000, 0x00000007c0000000)
  eden space 224256K, 0% used [0x000000076af80000,0x000000076af80000,0x0000000778a80000)
  from space 16384K, 98% used [0x0000000779c80000,0x000000077ac35448,0x000000077ac80000)
  to   space 18432K, 0% used [0x0000000778a80000,0x0000000778a80000,0x0000000779c80000)
 ParOldGen       total 105472K, used 11024K [0x00000006c0e00000, 0x00000006c7500000, 0x000000076af80000)
  object space 105472K, 10% used [0x00000006c0e00000,0x00000006c18c4160,0x00000006c7500000)
 Metaspace       used 34850K, capacity 35304K, committed 35456K, reserved 1081344K
  class space    used 4326K, capacity 4465K, committed 4480K, reserved 1048576K
Event: 4.146 GC heap after
Heap after GC invocations=10 (full 2):
 PSYoungGen      total 240640K, used 0K [0x000000076af80000, 0x000000077b100000, 0x00000007c0000000)
  eden space 224256K, 0% used [0x000000076af80000,0x000000076af80000,0x0000000778a80000)
  from space 16384K, 0% used [0x0000000779c80000,0x0000000779c80000,0x000000077ac80000)
  to   space 18432K, 0% used [0x0000000778a80000,0x0000000778a80000,0x0000000779c80000)
 ParOldGen       total 166912K, used 24353K [0x00000006c0e00000, 0x00000006cb100000, 0x000000076af80000)
  object space 166912K, 14% used [0x00000006c0e00000,0x00000006c25c8428,0x00000006cb100000)
 Metaspace       used 34850K, capacity 35304K, committed 35456K, reserved 1081344K
  class space    used 4326K, capacity 4465K, committed 4480K, reserved 1048576K
}

Deoptimization events (10 events):
Event: 5.656 Thread 0x0000000002577000 Uncommon trap: reason=range_check action=none pc=0x0000000002b3ffe4 method=sun.reflect.generics.parser.SignatureParser.current()C @ 34
Event: 5.656 Thread 0x0000000002577000 Uncommon trap: reason=range_check action=none pc=0x0000000002b3ffe4 method=sun.reflect.generics.parser.SignatureParser.current()C @ 34
Event: 5.656 Thread 0x0000000002577000 Uncommon trap: reason=range_check action=none pc=0x0000000002b3ffe4 method=sun.reflect.generics.parser.SignatureParser.current()C @ 34
Event: 5.656 Thread 0x0000000002577000 Uncommon trap: reason=range_check action=none pc=0x0000000002b3ffe4 method=sun.reflect.generics.parser.SignatureParser.current()C @ 34
Event: 5.656 Thread 0x0000000002577000 Uncommon trap: reason=range_check action=none pc=0x0000000002b3ffe4 method=sun.reflect.generics.parser.SignatureParser.current()C @ 34
Event: 5.656 Thread 0x0000000002577000 Uncommon trap: reason=range_check action=none pc=0x0000000002b3ffe4 method=sun.reflect.generics.parser.SignatureParser.current()C @ 34
Event: 5.657 Thread 0x0000000002577000 Uncommon trap: reason=unhandled action=none pc=0x0000000002c07ea0 method=java.net.URLClassLoader.findClass(Ljava/lang/String;)Ljava/lang/Class; @ 44
Event: 5.659 Thread 0x0000000002577000 Uncommon trap: reason=unhandled action=none pc=0x0000000002c07ea0 method=java.net.URLClassLoader.findClass(Ljava/lang/String;)Ljava/lang/Class; @ 44
Event: 5.665 Thread 0x0000000002577000 Uncommon trap: reason=unhandled action=none pc=0x0000000002c07ea0 method=java.net.URLClassLoader.findClass(Ljava/lang/String;)Ljava/lang/Class; @ 44
Event: 5.666 Thread 0x0000000002577000 Uncommon trap: reason=unhandled action=none pc=0x0000000002c07ea0 method=java.net.URLClassLoader.findClass(Ljava/lang/String;)Ljava/lang/Class; @ 44

Classes redefined (0 events):
No events

Internal exceptions (10 events):
Event: 5.656 Thread 0x0000000002577000 Exception <a 'java/lang/ArrayIndexOutOfBoundsException': 130> (0x00000007773d6e98) thrown at [C:\re\workspace\8-2-build-windows-amd64-cygwin\jdk8u211\12973\hotspot\src\share\vm\interpreter\interpreterRuntime.cpp, line 368]
Event: 5.656 Thread 0x0000000002577000 Exception <a 'java/lang/ArrayIndexOutOfBoundsException': 110> (0x00000007773d8700) thrown at [C:\re\workspace\8-2-build-windows-amd64-cygwin\jdk8u211\12973\hotspot\src\share\vm\interpreter\interpreterRuntime.cpp, line 368]
Event: 5.656 Thread 0x0000000002577000 Exception <a 'java/lang/ArrayIndexOutOfBoundsException': 144> (0x00000007773da1c8) thrown at [C:\re\workspace\8-2-build-windows-amd64-cygwin\jdk8u211\12973\hotspot\src\share\vm\interpreter\interpreterRuntime.cpp, line 368]
Event: 5.656 Thread 0x0000000002577000 Exception <a 'java/lang/ArrayIndexOutOfBoundsException': 201> (0x00000007773dc2c0) thrown at [C:\re\workspace\8-2-build-windows-amd64-cygwin\jdk8u211\12973\hotspot\src\share\vm\interpreter\interpreterRuntime.cpp, line 368]
Event: 5.656 Thread 0x0000000002577000 Exception <a 'java/lang/ArrayIndexOutOfBoundsException': 92> (0x00000007773dd8e8) thrown at [C:\re\workspace\8-2-build-windows-amd64-cygwin\jdk8u211\12973\hotspot\src\share\vm\interpreter\interpreterRuntime.cpp, line 368]
Event: 5.656 Thread 0x0000000002577000 Exception <a 'java/lang/ArrayIndexOutOfBoundsException': 126> (0x00000007773dfc68) thrown at [C:\re\workspace\8-2-build-windows-amd64-cygwin\jdk8u211\12973\hotspot\src\share\vm\interpreter\interpreterRuntime.cpp, line 368]
Event: 5.656 Thread 0x0000000002577000 Exception <a 'java/lang/ArrayIndexOutOfBoundsException': 102> (0x00000007773e13c0) thrown at [C:\re\workspace\8-2-build-windows-amd64-cygwin\jdk8u211\12973\hotspot\src\share\vm\interpreter\interpreterRuntime.cpp, line 368]
Event: 5.656 Thread 0x0000000002577000 Exception <a 'java/lang/ArrayIndexOutOfBoundsException': 199> (0x00000007773e36c0) thrown at [C:\re\workspace\8-2-build-windows-amd64-cygwin\jdk8u211\12973\hotspot\src\share\vm\interpreter\interpreterRuntime.cpp, line 368]
Event: 5.656 Thread 0x0000000002577000 Exception <a 'java/lang/ArrayIndexOutOfBoundsException': 162> (0x00000007773e5b60) thrown at [C:\re\workspace\8-2-build-windows-amd64-cygwin\jdk8u211\12973\hotspot\src\share\vm\interpreter\interpreterRuntime.cpp, line 368]
Event: 5.656 Thread 0x0000000002577000 Exception <a 'java/lang/ArrayIndexOutOfBoundsException': 97> (0x00000007773e7318) thrown at [C:\re\workspace\8-2-build-windows-amd64-cygwin\jdk8u211\12973\hotspot\src\share\vm\interpreter\interpreterRuntime.cpp, line 368]

Events (10 events):
Event: 5.701 Executing VM operation: GetCurrentContendedMonitor
Event: 5.701 Executing VM operation: GetCurrentContendedMonitor done
Event: 5.702 Executing VM operation: GetOwnedMonitorInfo
Event: 5.702 Executing VM operation: GetOwnedMonitorInfo done
Event: 5.703 Executing VM operation: GetCurrentContendedMonitor
Event: 5.703 Executing VM operation: GetCurrentContendedMonitor done
Event: 5.783 Executing VM operation: GetOwnedMonitorInfo
Event: 5.783 Executing VM operation: GetOwnedMonitorInfo done
Event: 5.783 Executing VM operation: GetCurrentContendedMonitor
Event: 5.783 Executing VM operation: GetCurrentContendedMonitor done


Dynamic libraries:
0x00007ff70f930000 - 0x00007ff70f967000 	C:\Program Files\Java\jre1.8.0_211\bin\javaw.exe
0x00007ffb9b1e0000 - 0x00007ffb9b3c1000 	C:\WINDOWS\SYSTEM32\ntdll.dll
0x00007ffb9a3b0000 - 0x00007ffb9a461000 	C:\WINDOWS\System32\KERNEL32.DLL
0x00007ffb97e60000 - 0x00007ffb980d3000 	C:\WINDOWS\System32\KERNELBASE.dll
0x00007ffb9a710000 - 0x00007ffb9a7b1000 	C:\WINDOWS\System32\ADVAPI32.dll
0x00007ffb9a470000 - 0x00007ffb9a50e000 	C:\WINDOWS\System32\msvcrt.dll
0x00007ffb9ac10000 - 0x00007ffb9ac6b000 	C:\WINDOWS\System32\sechost.dll
0x00007ffb9a510000 - 0x00007ffb9a634000 	C:\WINDOWS\System32\RPCRT4.dll
0x00007ffb98ce0000 - 0x00007ffb98e70000 	C:\WINDOWS\System32\USER32.dll
0x00007ffb98540000 - 0x00007ffb98560000 	C:\WINDOWS\System32\win32u.dll
0x00007ffb9b100000 - 0x00007ffb9b128000 	C:\WINDOWS\System32\GDI32.dll
0x00007ffb97cc0000 - 0x00007ffb97e52000 	C:\WINDOWS\System32\gdi32full.dll
0x00007ffb984a0000 - 0x00007ffb9853f000 	C:\WINDOWS\System32\msvcp_win.dll
0x00007ffb980e0000 - 0x00007ffb981d8000 	C:\WINDOWS\System32\ucrtbase.dll
0x00007ffb8fff0000 - 0x00007ffb90259000 	C:\WINDOWS\WinSxS\amd64_microsoft.windows.common-controls_6595b64144ccf1df_6.0.17134.765_none_fb42a1a930655896\COMCTL32.dll
0x00007ffb9ad20000 - 0x00007ffb9b042000 	C:\WINDOWS\System32\combase.dll
0x00007ffb98230000 - 0x00007ffb982aa000 	C:\WINDOWS\System32\bcryptPrimitives.dll
0x00007ffb9ac70000 - 0x00007ffb9ac9d000 	C:\WINDOWS\System32\IMM32.DLL
0x00000000734c0000 - 0x0000000073592000 	C:\Program Files\Java\jre1.8.0_211\bin\msvcr100.dll
0x0000000074370000 - 0x0000000074c15000 	C:\Program Files\Java\jre1.8.0_211\bin\server\jvm.dll
0x00007ffb9b190000 - 0x00007ffb9b198000 	C:\WINDOWS\System32\PSAPI.DLL
0x00007ffb84370000 - 0x00007ffb84379000 	C:\WINDOWS\SYSTEM32\WSOCK32.dll
0x00007ffb95820000 - 0x00007ffb95843000 	C:\WINDOWS\SYSTEM32\WINMM.dll
0x00007ffb9a6a0000 - 0x00007ffb9a70c000 	C:\WINDOWS\System32\WS2_32.dll
0x00007ffb92770000 - 0x00007ffb9277a000 	C:\WINDOWS\SYSTEM32\VERSION.dll
0x00007ffb957f0000 - 0x00007ffb9581a000 	C:\WINDOWS\SYSTEM32\winmmbase.dll
0x00007ffb981e0000 - 0x00007ffb98229000 	C:\WINDOWS\System32\cfgmgr32.dll
0x00007ffb95890000 - 0x00007ffb9589f000 	C:\Program Files\Java\jre1.8.0_211\bin\verify.dll
0x00007ffb93df0000 - 0x00007ffb93e19000 	C:\Program Files\Java\jre1.8.0_211\bin\java.dll
0x00007ffb68450000 - 0x00007ffb68485000 	C:\Program Files\Java\jre1.8.0_211\bin\jdwp.dll
0x00007ffb8e6e0000 - 0x00007ffb8e6e8000 	C:\Program Files\Java\jre1.8.0_211\bin\npt.dll
0x00007ffb93a00000 - 0x00007ffb93a23000 	C:\Program Files\Java\jre1.8.0_211\bin\instrument.dll
0x00007ffb8d170000 - 0x00007ffb8d186000 	C:\Program Files\Java\jre1.8.0_211\bin\zip.dll
0x00007ffb98e80000 - 0x00007ffb9a2c0000 	C:\WINDOWS\System32\SHELL32.dll
0x00007ffb9b050000 - 0x00007ffb9b0f9000 	C:\WINDOWS\System32\shcore.dll
0x00007ffb975b0000 - 0x00007ffb97cbd000 	C:\WINDOWS\System32\windows.storage.dll
0x00007ffb9a640000 - 0x00007ffb9a691000 	C:\WINDOWS\System32\shlwapi.dll
0x00007ffb97510000 - 0x00007ffb97521000 	C:\WINDOWS\System32\kernel.appcore.dll
0x00007ffb974f0000 - 0x00007ffb9750f000 	C:\WINDOWS\System32\profapi.dll
0x00007ffb97550000 - 0x00007ffb9759c000 	C:\WINDOWS\System32\powrprof.dll
0x00007ffb975a0000 - 0x00007ffb975aa000 	C:\WINDOWS\System32\FLTLIB.DLL
0x00007ffb8e6d0000 - 0x00007ffb8e6d9000 	C:\Program Files\Java\jre1.8.0_211\bin\dt_socket.dll
0x00007ffb84350000 - 0x00007ffb84366000 	C:\WINDOWS\system32\napinsp.dll
0x00007ffb8c360000 - 0x00007ffb8c37a000 	C:\WINDOWS\system32\pnrpnsp.dll
0x00007ffb93c40000 - 0x00007ffb93c59000 	C:\WINDOWS\system32\NLAapi.dll
0x00007ffb96d20000 - 0x00007ffb96d86000 	C:\WINDOWS\System32\mswsock.dll
0x00007ffb96a90000 - 0x00007ffb96b4e000 	C:\WINDOWS\SYSTEM32\DNSAPI.dll
0x00007ffb9b1a0000 - 0x00007ffb9b1a8000 	C:\WINDOWS\System32\NSI.dll
0x00007ffb96a50000 - 0x00007ffb96a88000 	C:\WINDOWS\SYSTEM32\IPHLPAPI.DLL
0x00007ffb8c350000 - 0x00007ffb8c35e000 	C:\WINDOWS\System32\winrnr.dll
0x00007ffb8fe00000 - 0x00007ffb8fe72000 	C:\WINDOWS\System32\fwpuclnt.dll
0x00007ffb97030000 - 0x00007ffb97055000 	C:\WINDOWS\SYSTEM32\bcrypt.dll
0x00007ffb8ed30000 - 0x00007ffb8ed3a000 	C:\Windows\System32\rasadhlp.dll
0x00007ffb8ae90000 - 0x00007ffb8aeaa000 	C:\Program Files\Java\jre1.8.0_211\bin\net.dll
0x00007ffb90ca0000 - 0x00007ffb90e68000 	C:\WINDOWS\SYSTEM32\urlmon.dll
0x00007ffb8e340000 - 0x00007ffb8e5e7000 	C:\WINDOWS\SYSTEM32\iertutil.dll
0x00007ffb96e80000 - 0x00007ffb96e8b000 	C:\WINDOWS\SYSTEM32\CRYPTBASE.DLL
0x00007ffb8d160000 - 0x00007ffb8d16d000 	C:\Program Files\Java\jre1.8.0_211\bin\management.dll
0x00007ffb74a10000 - 0x00007ffb74a22000 	C:\Program Files\Java\jre1.8.0_211\bin\nio.dll
0x00007ffb96f30000 - 0x00007ffb96f47000 	C:\WINDOWS\SYSTEM32\CRYPTSP.dll
0x00007ffb968b0000 - 0x00007ffb968e3000 	C:\WINDOWS\system32\rsaenh.dll
0x00007ffb973f0000 - 0x00007ffb97418000 	C:\WINDOWS\SYSTEM32\USERENV.dll
0x00007ffb91e70000 - 0x00007ffb91e86000 	C:\WINDOWS\SYSTEM32\dhcpcsvc6.DLL
0x00007ffb91d60000 - 0x00007ffb91d7a000 	C:\WINDOWS\SYSTEM32\dhcpcsvc.DLL
0x00007ffb740b0000 - 0x00007ffb740d4000 	C:\Program Files\Java\jre1.8.0_211\bin\sunec.dll
0x00007ffb93de0000 - 0x00007ffb93deb000 	C:\Program Files\Java\jre1.8.0_211\bin\sunmscapi.dll
0x00007ffb982b0000 - 0x00007ffb98492000 	C:\WINDOWS\System32\CRYPT32.dll
0x00007ffb97530000 - 0x00007ffb97542000 	C:\WINDOWS\System32\MSASN1.dll

VM Arguments:
jvm_args: -agentlib:jdwp=transport=dt_socket,suspend=y,address=localhost:51942 -javaagent:E:\STS\sts-4.3.0.RELEASE\configuration\org.eclipse.osgi\244\0\.cp\lib\javaagent-shaded.jar -Dfile.encoding=UTF-8 
java_command: comm.sample.mainapp.MainClass
java_class_path (initial): E:\Downloads\spring-batch-examples-master\SwaggerTestWithApi\target\classes;C:\Users\Ranjith S\.m2\repository\org\springframework\boot\spring-boot-starter-data-rest\1.4.2.RELEASE\spring-boot-starter-data-rest-1.4.2.RELEASE.jar;C:\Users\Ranjith S\.m2\repository\org\springframework\boot\spring-boot-starter\1.4.2.RELEASE\spring-boot-starter-1.4.2.RELEASE.jar;C:\Users\Ranjith S\.m2\repository\org\springframework\boot\spring-boot\1.4.2.RELEASE\spring-boot-1.4.2.RELEASE.jar;C:\Users\Ranjith S\.m2\repository\org\springframework\boot\spring-boot-autoconfigure\1.4.2.RELEASE\spring-boot-autoconfigure-1.4.2.RELEASE.jar;C:\Users\Ranjith S\.m2\repository\org\springframework\boot\spring-boot-starter-logging\1.4.2.RELEASE\spring-boot-starter-logging-1.4.2.RELEASE.jar;C:\Users\Ranjith S\.m2\repository\ch\qos\logback\logback-classic\1.1.7\logback-classic-1.1.7.jar;C:\Users\Ranjith S\.m2\repository\ch\qos\logback\logback-core\1.1.7\logback-core-1.1.7.jar;C:\Users\Ranjith S\.m2\repository\org\slf4j\jul-to-slf4j\1.7.21\jul-to-slf4j-1.7.21.jar;C:\Users\Ranjith S\.m2\repository\org\slf4j\log4j-over-slf4j\1.7.21\log4j-over-slf4j-1.7.21.jar;C:\Users\Ranjith S\.m2\repository\org\yaml\snakeyaml\1.17\snakeyaml-1.17.jar;C:\Users\Ranjith S\.m2\repository\com\fasterxml\jackson\core\jackson-annotations\2.8.4\jackson-annotations-2.8.4.jar;C:\Users\Ranjith S\.m2\repository\com\fasterxml\jackson\core\jackson-databind\2.8.4\jackson-databind-2.8.4.jar;C:\Users\Ranjith S\.m2\repository\com\fasterxml\jackson\core\jackson-core\2.8.4\jackson-core-2.8.4.jar;C:\Users\Ranjith S\.m2\repository\org\springframework\data\spring-data-rest-webmvc\2.5.5.RELEASE\spring-data-rest-webmvc-2.5.5.RELEASE.jar;C:\Users\Ranjith S\.m2\repository\org\springframework\data\spring-data-rest-core\2.5.5.RELEASE\spring-data-rest-core-2.5.5.RELEASE.jar;C:\Users\Ranjith S\.m2\repository\org\springframework\hateoas\spring-hateoas\0.20.0.RELEASE\spring-hateoas-0.20.0.RELEASE.jar;C:\Users\Ranjith S\.m2\repos
Launcher Type: SUN_STANDARD

Environment Variables:
JAVA_HOME=C:\Program Files\Java\jdk1.8.0_211
PATH=C:/Program Files/Java/jre1.8.0_211/bin/server;C:/Program Files/Java/jre1.8.0_211/bin;C:/Program Files/Java/jre1.8.0_211/lib/amd64;C:\ProgramData\DockerDesktop\version-bin;C:\Program Files\Docker\Docker\Resources\bin;C:\Program Files (x86)\Common Files\Oracle\Java\javapath;C:\Program Files (x86)\Intel\Intel(R) Management Engine Components\iCLS\;C:\Program Files\Intel\Intel(R) Management Engine Components\iCLS\;C:\Windows\system32;C:\Windows;C:\Windows\System32\Wbem;C:\Windows\System32\WindowsPowerShell\v1.0\;C:\Program Files (x86)\NVIDIA Corporation\PhysX\Common;C:\Program Files (x86)\Intel\Intel(R) Management Engine Components\DAL;C:\Program Files\Intel\Intel(R) Management Engine Components\DAL;C:\Program Files (x86)\Intel\Intel(R) Management Engine Components\IPT;C:\Program Files\Intel\Intel(R) Management Engine Components\IPT;C:\WINDOWS\system32;C:\WINDOWS;C:\WINDOWS\System32\Wbem;C:\WINDOWS\System32\WindowsPowerShell\v1.0\;C:\WINDOWS\System32\OpenSSH\;C:\Program Files (x86)\Microsoft SQL Server\Client SDK\ODBC\130\Tools\Binn\;C:\Program Files (x86)\Microsoft SQL Server\140\Tools\Binn\;C:\Program Files (x86)\Microsoft SQL Server\140\DTS\Binn\;C:\Program Files (x86)\Microsoft SQL Server\140\Tools\Binn\ManagementStudio\;C:\Program Files\Microsoft VS Code\bin;C:\Program Files\nodejs\;C:\Program Files\Git\cmd;D:\apache-maven-3.5.4\bin\;C:\Users\Ranjith S\Downloads\apache-maven-3.6.1-bin\apache-maven-3.6.1\bin\bin;C:\Program Files\Java\jdk1.8.0_211;C:\Program Files\MySQL\MySQL Shell 8.0\bin\;C:\Users\Ranjith S\Downloads\apache-maven-3.6.1-bin\apache-maven-3.6.1\bin;E:\STS\sts-4.3.0.RELEASE;
USERNAME=Ranjith S
OS=Windows_NT
PROCESSOR_IDENTIFIER=Intel64 Family 6 Model 158 Stepping 10, GenuineIntel



---------------  S Y S T E M  ---------------

OS: Windows 10.0 , 64 bit Build 17134 (10.0.17134.753)

CPU:total 6 (initial active 6) (6 cores per cpu, 1 threads per core) family 6 model 158 stepping 10, cmov, cx8, fxsr, mmx, sse, sse2, sse3, ssse3, sse4.1, sse4.2, popcnt, avx, avx2, aes, clmul, erms, 3dnowpref, lzcnt, tsc, tscinvbit, bmi1, bmi2, adx

Memory: 4k page, physical 16712088k(1697368k free), swap 27197848k(5684k free)

vm_info: Java HotSpot(TM) 64-Bit Server VM (25.211-b12) for windows-amd64 JRE (1.8.0_211-b12), built on Apr  1 2019 20:53:26 by "java_re" with MS VC++ 10.0 (VS2010)

time: Mon Jul 08 18:55:08 2019
timezone: India Standard Time
elapsed time: 5 seconds (0d 0h 0m 5s)

